{"created": 1764693577.2773147, "duration": 36.8370897769928, "exitcode": 1, "root": "/home/runner/work/qa_framework_2025/qa_framework_2025", "environment": {}, "summary": {"passed": 12, "failed": 4, "skipped": 1, "xfailed": 1, "total": 18, "collected": 18}, "collectors": [{"nodeid": "", "outcome": "passed", "result": [{"nodeid": "tests", "type": "Dir"}]}, {"nodeid": "tests/api/test_api.py", "outcome": "passed", "result": [{"nodeid": "tests/api/test_api.py::test_get_user", "type": "Function", "lineno": 4}, {"nodeid": "tests/api/test_api.py::test_get_all_users", "type": "Function", "lineno": 18}, {"nodeid": "tests/api/test_api.py::test_create_user", "type": "Function", "lineno": 31}, {"nodeid": "tests/api/test_api.py::test_update_user", "type": "Function", "lineno": 53}, {"nodeid": "tests/api/test_api.py::test_delete_user", "type": "Function", "lineno": 73}, {"nodeid": "tests/api/test_api.py::test_get_user_posts", "type": "Function", "lineno": 81}, {"nodeid": "tests/api/test_api.py::test_invalid_user_id_returns_404", "type": "Function", "lineno": 93}, {"nodeid": "tests/api/test_api.py::test_create_user_with_missing_fields", "type": "Function", "lineno": 102}, {"nodeid": "tests/api/test_api.py::test_api_rate_limiting", "type": "Function", "lineno": 119}, {"nodeid": "tests/api/test_api.py::test_user_data_schema_validation", "type": "Function", "lineno": 135}, {"nodeid": "tests/api/test_api.py::test_deprecated_endpoint", "type": "Function", "lineno": 150}]}, {"nodeid": "tests/api", "outcome": "passed", "result": [{"nodeid": "tests/api/test_api.py", "type": "Module"}]}, {"nodeid": "tests/ui/test_login.py", "outcome": "passed", "result": [{"nodeid": "tests/ui/test_login.py::test_login_success[chromium]", "type": "Function", "lineno": 4}, {"nodeid": "tests/ui/test_login.py::test_login_invalid_credentials[chromium]", "type": "Function", "lineno": 22}, {"nodeid": "tests/ui/test_login.py::test_login_locked_user[chromium]", "type": "Function", "lineno": 37}, {"nodeid": "tests/ui/test_login.py::test_add_to_cart[chromium]", "type": "Function", "lineno": 51}, {"nodeid": "tests/ui/test_login.py::test_checkout_with_single_item_fails[chromium]", "type": "Function", "lineno": 68}, {"nodeid": "tests/ui/test_login.py::test_complete_shopping_workflow[chromium]", "type": "Function", "lineno": 86}, {"nodeid": "tests/ui/test_login.py::test_product_sorting_fails[chromium]", "type": "Function", "lineno": 128}]}, {"nodeid": "tests/ui", "outcome": "passed", "result": [{"nodeid": "tests/ui/test_login.py", "type": "Module"}]}, {"nodeid": "tests", "outcome": "passed", "result": [{"nodeid": "tests/api", "type": "Dir"}, {"nodeid": "tests/ui", "type": "Dir"}]}], "tests": [{"nodeid": "tests/api/test_api.py::test_get_user", "lineno": 4, "outcome": "passed", "keywords": ["test_get_user", "api", "pytestmark", "test_api.py", "tests", "qa_framework_2025", ""], "setup": {"duration": 0.0010454140000319967, "outcome": "passed"}, "call": {"duration": 0.12977063899995755, "outcome": "passed"}, "teardown": {"duration": 0.0002911740000399732, "outcome": "passed"}}, {"nodeid": "tests/api/test_api.py::test_get_all_users", "lineno": 18, "outcome": "passed", "keywords": ["test_get_all_users", "api", "pytestmark", "test_api.py", "tests", "qa_framework_2025", ""], "setup": {"duration": 0.00034567600005175336, "outcome": "passed"}, "call": {"duration": 0.20550067199997102, "outcome": "passed"}, "teardown": {"duration": 0.0002778289999696426, "outcome": "passed"}}, {"nodeid": "tests/api/test_api.py::test_create_user", "lineno": 31, "outcome": "passed", "keywords": ["test_create_user", "api", "pytestmark", "test_api.py", "tests", "qa_framework_2025", ""], "setup": {"duration": 0.00031080099995506316, "outcome": "passed"}, "call": {"duration": 0.12558528599993224, "outcome": "passed"}, "teardown": {"duration": 0.0002688519999765049, "outcome": "passed"}}, {"nodeid": "tests/api/test_api.py::test_update_user", "lineno": 53, "outcome": "passed", "keywords": ["test_update_user", "api", "pytestmark", "test_api.py", "tests", "qa_framework_2025", ""], "setup": {"duration": 0.00031656199996632495, "outcome": "passed"}, "call": {"duration": 0.17133159500008333, "outcome": "passed"}, "teardown": {"duration": 0.0002797529999725157, "outcome": "passed"}}, {"nodeid": "tests/api/test_api.py::test_delete_user", "lineno": 73, "outcome": "passed", "keywords": ["test_delete_user", "api", "pytestmark", "test_api.py", "tests", "qa_framework_2025", ""], "setup": {"duration": 0.0003034960000150022, "outcome": "passed"}, "call": {"duration": 0.2275849189999235, "outcome": "passed"}, "teardown": {"duration": 0.0002575309999883757, "outcome": "passed"}}, {"nodeid": "tests/api/test_api.py::test_get_user_posts", "lineno": 81, "outcome": "passed", "keywords": ["test_get_user_posts", "api", "pytestmark", "test_api.py", "tests", "qa_framework_2025", ""], "setup": {"duration": 0.00047471699997458927, "outcome": "passed"}, "call": {"duration": 0.10694701800002804, "outcome": "passed"}, "teardown": {"duration": 0.000427498000021842, "outcome": "passed"}}, {"nodeid": "tests/api/test_api.py::test_invalid_user_id_returns_404", "lineno": 93, "outcome": "failed", "keywords": ["test_invalid_user_id_returns_404", "api", "pytestmark", "test_api.py", "tests", "qa_framework_2025", ""], "setup": {"duration": 0.0005266950000759607, "outcome": "passed"}, "call": {"duration": 0.11252968200005853, "outcome": "failed", "crash": {"path": "/home/runner/work/qa_framework_2025/qa_framework_2025/tests/api/test_api.py", "lineno": 100, "message": "AssertionError: Expected 200 but got 404\nassert 404 == 200\n +  where 404 = <Response [404]>.status_code"}, "traceback": [{"path": "tests/api/test_api.py", "lineno": 100, "message": "in test_invalid_user_id_returns_404"}], "longrepr": "tests/api/test_api.py:100: in test_invalid_user_id_returns_404\n    assert response.status_code == 200, f\"Expected 200 but got {response.status_code}\"\nE   AssertionError: Expected 200 but got 404\nE   assert 404 == 200\nE    +  where 404 = <Response [404]>.status_code"}, "teardown": {"duration": 0.0002477530000533079, "outcome": "passed"}}, {"nodeid": "tests/api/test_api.py::test_create_user_with_missing_fields", "lineno": 102, "outcome": "failed", "keywords": ["test_create_user_with_missing_fields", "api", "pytestmark", "test_api.py", "tests", "qa_framework_2025", ""], "setup": {"duration": 0.0004125010000279872, "outcome": "passed"}, "call": {"duration": 0.12298048000002382, "outcome": "failed", "crash": {"path": "/home/runner/work/qa_framework_2025/qa_framework_2025/tests/api/test_api.py", "lineno": 117, "message": "AssertionError: Should return 400 for missing fields\nassert 201 == 400\n +  where 201 = <Response [201]>.status_code"}, "traceback": [{"path": "tests/api/test_api.py", "lineno": 117, "message": "in test_create_user_with_missing_fields"}], "longrepr": "tests/api/test_api.py:117: in test_create_user_with_missing_fields\n    assert response.status_code == 400, \"Should return 400 for missing fields\"\nE   AssertionError: Should return 400 for missing fields\nE   assert 201 == 400\nE    +  where 201 = <Response [201]>.status_code"}, "teardown": {"duration": 0.0002577120000069044, "outcome": "passed"}}, {"nodeid": "tests/api/test_api.py::test_api_rate_limiting", "lineno": 119, "outcome": "passed", "keywords": ["test_api_rate_limiting", "slow", "api", "pytestmark", "test_api.py", "tests", "qa_framework_2025", ""], "setup": {"duration": 0.0002937189999556722, "outcome": "passed"}, "call": {"duration": 3.2501471909999964, "outcome": "passed"}, "teardown": {"duration": 0.00027914199995393574, "outcome": "passed"}}, {"nodeid": "tests/api/test_api.py::test_user_data_schema_validation", "lineno": 135, "outcome": "failed", "keywords": ["test_user_data_schema_validation", "api", "pytestmark", "test_api.py", "tests", "qa_framework_2025", ""], "setup": {"duration": 0.0004966579999745591, "outcome": "passed"}, "call": {"duration": 0.11318533700000444, "outcome": "failed", "crash": {"path": "/home/runner/work/qa_framework_2025/qa_framework_2025/tests/api/test_api.py", "lineno": 148, "message": "AssertionError: User should have salary field\nassert 'salary' in {'address': {'city': 'Gwenborough', 'geo': {'lat': '-37.3159', 'lng': '81.1496'}, 'street': 'Kulas Light', 'suite': 'A...ase': 'Multi-layered client-server neural-net', 'name': 'Romaguera-Crona'}, 'email': 'Sincere@april.biz', 'id': 1, ...}"}, "traceback": [{"path": "tests/api/test_api.py", "lineno": 148, "message": "in test_user_data_schema_validation"}], "longrepr": "tests/api/test_api.py:148: in test_user_data_schema_validation\n    assert \"salary\" in data, \"User should have salary field\"\nE   AssertionError: User should have salary field\nE   assert 'salary' in {'address': {'city': 'Gwenborough', 'geo': {'lat': '-37.3159', 'lng': '81.1496'}, 'street': 'Kulas Light', 'suite': 'A...ase': 'Multi-layered client-server neural-net', 'name': 'Romaguera-Crona'}, 'email': 'Sincere@april.biz', 'id': 1, ...}"}, "teardown": {"duration": 0.0002737909999268595, "outcome": "passed"}}, {"nodeid": "tests/api/test_api.py::test_deprecated_endpoint", "lineno": 150, "outcome": "skipped", "keywords": ["test_deprecated_endpoint", "skip", "api", "pytestmark", "test_api.py", "tests", "qa_framework_2025", ""], "setup": {"duration": 0.0002123569998957464, "outcome": "skipped", "longrepr": "('/home/runner/work/qa_framework_2025/qa_framework_2025/tests/api/test_api.py', 151, 'Skipped: API endpoint temporarily unavailable - demonstrating skip functionality')"}, "teardown": {"duration": 0.00021207600002526306, "outcome": "passed"}}, {"nodeid": "tests/ui/test_login.py::test_login_success[chromium]", "lineno": 4, "outcome": "passed", "keywords": ["test_login_success[chromium]", "e2e", "pytestmark", "chromium", "test_login.py", "ui", "tests", "qa_framework_2025", ""], "setup": {"duration": 1.6714269210000339, "outcome": "passed"}, "call": {"duration": 0.45372539599998163, "outcome": "passed"}, "teardown": {"duration": 0.008636658999989777, "outcome": "passed"}}, {"nodeid": "tests/ui/test_login.py::test_login_invalid_credentials[chromium]", "lineno": 22, "outcome": "passed", "keywords": ["test_login_invalid_credentials[chromium]", "e2e", "pytestmark", "chromium", "test_login.py", "ui", "tests", "qa_framework_2025", ""], "setup": {"duration": 0.03977192799993645, "outcome": "passed"}, "call": {"duration": 0.30289890800008834, "outcome": "passed"}, "teardown": {"duration": 0.007061254000063855, "outcome": "passed"}}, {"nodeid": "tests/ui/test_login.py::test_login_locked_user[chromium]", "lineno": 37, "outcome": "passed", "keywords": ["test_login_locked_user[chromium]", "e2e", "pytestmark", "chromium", "test_login.py", "ui", "tests", "qa_framework_2025", ""], "setup": {"duration": 0.02820229099995686, "outcome": "passed"}, "call": {"duration": 0.30972339300001295, "outcome": "passed"}, "teardown": {"duration": 0.007311042999958772, "outcome": "passed"}}, {"nodeid": "tests/ui/test_login.py::test_add_to_cart[chromium]", "lineno": 51, "outcome": "passed", "keywords": ["test_add_to_cart[chromium]", "smoke", "pytestmark", "chromium", "test_login.py", "ui", "tests", "qa_framework_2025", ""], "setup": {"duration": 0.028441704999977446, "outcome": "passed"}, "call": {"duration": 0.3552025160000767, "outcome": "passed"}, "teardown": {"duration": 0.006577302999971835, "outcome": "passed"}}, {"nodeid": "tests/ui/test_login.py::test_checkout_with_single_item_fails[chromium]", "lineno": 68, "outcome": "xfailed", "keywords": ["test_checkout_with_single_item_fails[chromium]", "xfail", "e2e", "pytestmark", "chromium", "test_login.py", "ui", "tests", "qa_framework_2025", ""], "setup": {"duration": 0.030405088999941654, "outcome": "passed"}, "call": {"duration": 0.4282627700000603, "outcome": "skipped", "crash": {"path": "/home/runner/work/qa_framework_2025/qa_framework_2025/tests/ui/test_login.py", "lineno": 84, "message": "AssertionError: Single item checkout should fail\nassert True == False\n +  where True = <bound method Locator.is_visible of <Locator frame=<Frame name= url='https://www.saucedemo.com/checkout-step-one.html'> selector='.checkout_info'>>()\n +    where <bound method Locator.is_visible of <Locator frame=<Frame name= url='https://www.saucedemo.com/checkout-step-one.html'> selector='.checkout_info'>> = <Locator frame=<Frame name= url='https://www.saucedemo.com/checkout-step-one.html'> selector='.checkout_info'>.is_visible\n +      where <Locator frame=<Frame name= url='https://www.saucedemo.com/checkout-step-one.html'> selector='.checkout_info'> = <bound method Page.locator of <Page url='https://www.saucedemo.com/checkout-step-one.html'>>('.checkout_info')\n +        where <bound method Page.locator of <Page url='https://www.saucedemo.com/checkout-step-one.html'>> = <Page url='https://www.saucedemo.com/checkout-step-one.html'>.locator"}, "traceback": [{"path": "tests/ui/test_login.py", "lineno": 84, "message": "in test_checkout_with_single_item_fails"}], "longrepr": "tests/ui/test_login.py:84: in test_checkout_with_single_item_fails\n    assert page.locator(\".checkout_info\").is_visible() == False, \"Single item checkout should fail\"\nE   AssertionError: Single item checkout should fail\nE   assert True == False\nE    +  where True = <bound method Locator.is_visible of <Locator frame=<Frame name= url='https://www.saucedemo.com/checkout-step-one.html'> selector='.checkout_info'>>()\nE    +    where <bound method Locator.is_visible of <Locator frame=<Frame name= url='https://www.saucedemo.com/checkout-step-one.html'> selector='.checkout_info'>> = <Locator frame=<Frame name= url='https://www.saucedemo.com/checkout-step-one.html'> selector='.checkout_info'>.is_visible\nE    +      where <Locator frame=<Frame name= url='https://www.saucedemo.com/checkout-step-one.html'> selector='.checkout_info'> = <bound method Page.locator of <Page url='https://www.saucedemo.com/checkout-step-one.html'>>('.checkout_info')\nE    +        where <bound method Page.locator of <Page url='https://www.saucedemo.com/checkout-step-one.html'>> = <Page url='https://www.saucedemo.com/checkout-step-one.html'>.locator"}, "teardown": {"duration": 0.00812012100004722, "outcome": "passed"}}, {"nodeid": "tests/ui/test_login.py::test_complete_shopping_workflow[chromium]", "lineno": 86, "outcome": "passed", "keywords": ["test_complete_shopping_workflow[chromium]", "slow", "e2e", "pytestmark", "chromium", "test_login.py", "ui", "tests", "qa_framework_2025", ""], "setup": {"duration": 0.030339929999968263, "outcome": "passed"}, "call": {"duration": 3.59116600699997, "outcome": "passed"}, "teardown": {"duration": 0.007837144000063745, "outcome": "passed"}}, {"nodeid": "tests/ui/test_login.py::test_product_sorting_fails[chromium]", "lineno": 128, "outcome": "failed", "keywords": ["test_product_sorting_fails[chromium]", "e2e", "pytestmark", "chromium", "test_login.py", "ui", "tests", "qa_framework_2025", ""], "setup": {"duration": 0.029590134999921247, "outcome": "passed"}, "call": {"duration": 5.343392238999968, "outcome": "failed", "crash": {"path": "/home/runner/work/qa_framework_2025/qa_framework_2025/tests/ui/test_login.py", "lineno": 142, "message": "AssertionError: Locator expected to have text '$99.99'\nActual value: $7.99 \nCall log:\n  - Expect \"to_have_text\" with timeout 5000ms\n  - waiting for locator(\".inventory_item_price\").first\n    9 \u00d7 locator resolved to <div class=\"inventory_item_price\" data-test=\"inventory-item-price\">$7.99</div>\n      - unexpected value \"$7.99\""}, "traceback": [{"path": "tests/ui/test_login.py", "lineno": 142, "message": "in test_product_sorting_fails"}], "longrepr": "tests/ui/test_login.py:142: in test_product_sorting_fails\n    expect(first_item_price).to_have_text(\"$99.99\")  # Wrong price - will fail!\nE   AssertionError: Locator expected to have text '$99.99'\nE   Actual value: $7.99 \nE   Call log:\nE     - Expect \"to_have_text\" with timeout 5000ms\nE     - waiting for locator(\".inventory_item_price\").first\nE       9 \u00d7 locator resolved to <div class=\"inventory_item_price\" data-test=\"inventory-item-price\">$7.99</div>\nE         - unexpected value \"$7.99\""}, "teardown": {"duration": 0.044391348999965885, "outcome": "passed"}}]}