{"created": 1764694221.215474, "duration": 34.805179595947266, "exitcode": 1, "root": "/home/runner/work/qa_framework_2025/qa_framework_2025", "environment": {}, "summary": {"passed": 12, "failed": 4, "skipped": 1, "xfailed": 1, "total": 18, "collected": 18}, "collectors": [{"nodeid": "", "outcome": "passed", "result": [{"nodeid": "tests", "type": "Dir"}]}, {"nodeid": "tests/api/test_api.py", "outcome": "passed", "result": [{"nodeid": "tests/api/test_api.py::test_get_user", "type": "Function", "lineno": 4}, {"nodeid": "tests/api/test_api.py::test_get_all_users", "type": "Function", "lineno": 18}, {"nodeid": "tests/api/test_api.py::test_create_user", "type": "Function", "lineno": 31}, {"nodeid": "tests/api/test_api.py::test_update_user", "type": "Function", "lineno": 53}, {"nodeid": "tests/api/test_api.py::test_delete_user", "type": "Function", "lineno": 73}, {"nodeid": "tests/api/test_api.py::test_get_user_posts", "type": "Function", "lineno": 81}, {"nodeid": "tests/api/test_api.py::test_invalid_user_id_returns_404", "type": "Function", "lineno": 93}, {"nodeid": "tests/api/test_api.py::test_create_user_with_missing_fields", "type": "Function", "lineno": 102}, {"nodeid": "tests/api/test_api.py::test_api_rate_limiting", "type": "Function", "lineno": 119}, {"nodeid": "tests/api/test_api.py::test_user_data_schema_validation", "type": "Function", "lineno": 135}, {"nodeid": "tests/api/test_api.py::test_deprecated_endpoint", "type": "Function", "lineno": 150}]}, {"nodeid": "tests/api", "outcome": "passed", "result": [{"nodeid": "tests/api/test_api.py", "type": "Module"}]}, {"nodeid": "tests/ui/test_login.py", "outcome": "passed", "result": [{"nodeid": "tests/ui/test_login.py::test_login_success[chromium]", "type": "Function", "lineno": 4}, {"nodeid": "tests/ui/test_login.py::test_login_invalid_credentials[chromium]", "type": "Function", "lineno": 22}, {"nodeid": "tests/ui/test_login.py::test_login_locked_user[chromium]", "type": "Function", "lineno": 37}, {"nodeid": "tests/ui/test_login.py::test_add_to_cart[chromium]", "type": "Function", "lineno": 51}, {"nodeid": "tests/ui/test_login.py::test_checkout_with_single_item_fails[chromium]", "type": "Function", "lineno": 68}, {"nodeid": "tests/ui/test_login.py::test_complete_shopping_workflow[chromium]", "type": "Function", "lineno": 86}, {"nodeid": "tests/ui/test_login.py::test_product_sorting_fails[chromium]", "type": "Function", "lineno": 128}]}, {"nodeid": "tests/ui", "outcome": "passed", "result": [{"nodeid": "tests/ui/test_login.py", "type": "Module"}]}, {"nodeid": "tests", "outcome": "passed", "result": [{"nodeid": "tests/api", "type": "Dir"}, {"nodeid": "tests/ui", "type": "Dir"}]}], "tests": [{"nodeid": "tests/api/test_api.py::test_get_user", "lineno": 4, "outcome": "passed", "keywords": ["test_get_user", "api", "pytestmark", "test_api.py", "tests", "qa_framework_2025", ""], "setup": {"duration": 0.0011217229999829215, "outcome": "passed"}, "call": {"duration": 0.12645386399998415, "outcome": "passed"}, "teardown": {"duration": 0.0003083549999587376, "outcome": "passed"}}, {"nodeid": "tests/api/test_api.py::test_get_all_users", "lineno": 18, "outcome": "passed", "keywords": ["test_get_all_users", "api", "pytestmark", "test_api.py", "tests", "qa_framework_2025", ""], "setup": {"duration": 0.0003956269999889628, "outcome": "passed"}, "call": {"duration": 0.04392345700000533, "outcome": "passed"}, "teardown": {"duration": 0.0003183029999718201, "outcome": "passed"}}, {"nodeid": "tests/api/test_api.py::test_create_user", "lineno": 31, "outcome": "passed", "keywords": ["test_create_user", "api", "pytestmark", "test_api.py", "tests", "qa_framework_2025", ""], "setup": {"duration": 0.00032450500003733396, "outcome": "passed"}, "call": {"duration": 0.10952769299996135, "outcome": "passed"}, "teardown": {"duration": 0.00029247499998064086, "outcome": "passed"}}, {"nodeid": "tests/api/test_api.py::test_update_user", "lineno": 53, "outcome": "passed", "keywords": ["test_update_user", "api", "pytestmark", "test_api.py", "tests", "qa_framework_2025", ""], "setup": {"duration": 0.0003250959999832048, "outcome": "passed"}, "call": {"duration": 0.26392825099998163, "outcome": "passed"}, "teardown": {"duration": 0.0002805230000149095, "outcome": "passed"}}, {"nodeid": "tests/api/test_api.py::test_delete_user", "lineno": 73, "outcome": "passed", "keywords": ["test_delete_user", "api", "pytestmark", "test_api.py", "tests", "qa_framework_2025", ""], "setup": {"duration": 0.0003032760000110102, "outcome": "passed"}, "call": {"duration": 0.11621119099999078, "outcome": "passed"}, "teardown": {"duration": 0.00026401200000236713, "outcome": "passed"}}, {"nodeid": "tests/api/test_api.py::test_get_user_posts", "lineno": 81, "outcome": "passed", "keywords": ["test_get_user_posts", "api", "pytestmark", "test_api.py", "tests", "qa_framework_2025", ""], "setup": {"duration": 0.0005032680000454093, "outcome": "passed"}, "call": {"duration": 0.044667797999977665, "outcome": "passed"}, "teardown": {"duration": 0.0005102320000105465, "outcome": "passed"}}, {"nodeid": "tests/api/test_api.py::test_invalid_user_id_returns_404", "lineno": 93, "outcome": "failed", "keywords": ["test_invalid_user_id_returns_404", "api", "pytestmark", "test_api.py", "tests", "qa_framework_2025", ""], "setup": {"duration": 0.00048128800000313277, "outcome": "passed"}, "call": {"duration": 0.04577848000002405, "outcome": "failed", "crash": {"path": "/home/runner/work/qa_framework_2025/qa_framework_2025/tests/api/test_api.py", "lineno": 100, "message": "AssertionError: Expected 200 but got 404\nassert 404 == 200\n +  where 404 = <Response [404]>.status_code"}, "traceback": [{"path": "tests/api/test_api.py", "lineno": 100, "message": "in test_invalid_user_id_returns_404"}], "longrepr": "tests/api/test_api.py:100: in test_invalid_user_id_returns_404\n    assert response.status_code == 200, f\"Expected 200 but got {response.status_code}\"\nE   AssertionError: Expected 200 but got 404\nE   assert 404 == 200\nE    +  where 404 = <Response [404]>.status_code"}, "teardown": {"duration": 0.00029095299998971313, "outcome": "passed"}}, {"nodeid": "tests/api/test_api.py::test_create_user_with_missing_fields", "lineno": 102, "outcome": "failed", "keywords": ["test_create_user_with_missing_fields", "api", "pytestmark", "test_api.py", "tests", "qa_framework_2025", ""], "setup": {"duration": 0.0019461489999912374, "outcome": "passed"}, "call": {"duration": 0.2608275769999864, "outcome": "failed", "crash": {"path": "/home/runner/work/qa_framework_2025/qa_framework_2025/tests/api/test_api.py", "lineno": 117, "message": "AssertionError: Should return 400 for missing fields\nassert 201 == 400\n +  where 201 = <Response [201]>.status_code"}, "traceback": [{"path": "tests/api/test_api.py", "lineno": 117, "message": "in test_create_user_with_missing_fields"}], "longrepr": "tests/api/test_api.py:117: in test_create_user_with_missing_fields\n    assert response.status_code == 400, \"Should return 400 for missing fields\"\nE   AssertionError: Should return 400 for missing fields\nE   assert 201 == 400\nE    +  where 201 = <Response [201]>.status_code"}, "teardown": {"duration": 0.00029732400003013026, "outcome": "passed"}}, {"nodeid": "tests/api/test_api.py::test_api_rate_limiting", "lineno": 119, "outcome": "passed", "keywords": ["test_api_rate_limiting", "slow", "api", "pytestmark", "test_api.py", "tests", "qa_framework_2025", ""], "setup": {"duration": 0.00033002599997189463, "outcome": "passed"}, "call": {"duration": 2.4688555719999954, "outcome": "passed"}, "teardown": {"duration": 0.0002847420000193779, "outcome": "passed"}}, {"nodeid": "tests/api/test_api.py::test_user_data_schema_validation", "lineno": 135, "outcome": "failed", "keywords": ["test_user_data_schema_validation", "api", "pytestmark", "test_api.py", "tests", "qa_framework_2025", ""], "setup": {"duration": 0.00043191599996816876, "outcome": "passed"}, "call": {"duration": 0.04563282499998422, "outcome": "failed", "crash": {"path": "/home/runner/work/qa_framework_2025/qa_framework_2025/tests/api/test_api.py", "lineno": 148, "message": "AssertionError: User should have salary field\nassert 'salary' in {'address': {'city': 'Gwenborough', 'geo': {'lat': '-37.3159', 'lng': '81.1496'}, 'street': 'Kulas Light', 'suite': 'A...ase': 'Multi-layered client-server neural-net', 'name': 'Romaguera-Crona'}, 'email': 'Sincere@april.biz', 'id': 1, ...}"}, "traceback": [{"path": "tests/api/test_api.py", "lineno": 148, "message": "in test_user_data_schema_validation"}], "longrepr": "tests/api/test_api.py:148: in test_user_data_schema_validation\n    assert \"salary\" in data, \"User should have salary field\"\nE   AssertionError: User should have salary field\nE   assert 'salary' in {'address': {'city': 'Gwenborough', 'geo': {'lat': '-37.3159', 'lng': '81.1496'}, 'street': 'Kulas Light', 'suite': 'A...ase': 'Multi-layered client-server neural-net', 'name': 'Romaguera-Crona'}, 'email': 'Sincere@april.biz', 'id': 1, ...}"}, "teardown": {"duration": 0.0003571660000147858, "outcome": "passed"}}, {"nodeid": "tests/api/test_api.py::test_deprecated_endpoint", "lineno": 150, "outcome": "skipped", "keywords": ["test_deprecated_endpoint", "skip", "api", "pytestmark", "test_api.py", "tests", "qa_framework_2025", ""], "setup": {"duration": 0.00024636899996721695, "outcome": "skipped", "longrepr": "('/home/runner/work/qa_framework_2025/qa_framework_2025/tests/api/test_api.py', 151, 'Skipped: API endpoint temporarily unavailable - demonstrating skip functionality')"}, "teardown": {"duration": 0.00019842999995489663, "outcome": "passed"}}, {"nodeid": "tests/ui/test_login.py::test_login_success[chromium]", "lineno": 4, "outcome": "passed", "keywords": ["test_login_success[chromium]", "e2e", "pytestmark", "chromium", "test_login.py", "ui", "tests", "qa_framework_2025", ""], "setup": {"duration": 0.9499901789999967, "outcome": "passed"}, "call": {"duration": 0.44423953500000835, "outcome": "passed"}, "teardown": {"duration": 0.011273721000009118, "outcome": "passed"}}, {"nodeid": "tests/ui/test_login.py::test_login_invalid_credentials[chromium]", "lineno": 22, "outcome": "passed", "keywords": ["test_login_invalid_credentials[chromium]", "e2e", "pytestmark", "chromium", "test_login.py", "ui", "tests", "qa_framework_2025", ""], "setup": {"duration": 0.031967889999975796, "outcome": "passed"}, "call": {"duration": 0.29057780099998354, "outcome": "passed"}, "teardown": {"duration": 0.011003693999953157, "outcome": "passed"}}, {"nodeid": "tests/ui/test_login.py::test_login_locked_user[chromium]", "lineno": 37, "outcome": "passed", "keywords": ["test_login_locked_user[chromium]", "e2e", "pytestmark", "chromium", "test_login.py", "ui", "tests", "qa_framework_2025", ""], "setup": {"duration": 0.038640727999961655, "outcome": "passed"}, "call": {"duration": 0.2925992479999877, "outcome": "passed"}, "teardown": {"duration": 0.008763025999996898, "outcome": "passed"}}, {"nodeid": "tests/ui/test_login.py::test_add_to_cart[chromium]", "lineno": 51, "outcome": "passed", "keywords": ["test_add_to_cart[chromium]", "smoke", "pytestmark", "chromium", "test_login.py", "ui", "tests", "qa_framework_2025", ""], "setup": {"duration": 0.029514110999969034, "outcome": "passed"}, "call": {"duration": 0.3319579660000045, "outcome": "passed"}, "teardown": {"duration": 0.008941898999978548, "outcome": "passed"}}, {"nodeid": "tests/ui/test_login.py::test_checkout_with_single_item_fails[chromium]", "lineno": 68, "outcome": "xfailed", "keywords": ["test_checkout_with_single_item_fails[chromium]", "xfail", "e2e", "pytestmark", "chromium", "test_login.py", "ui", "tests", "qa_framework_2025", ""], "setup": {"duration": 0.03250324600003296, "outcome": "passed"}, "call": {"duration": 0.4241638679999937, "outcome": "skipped", "crash": {"path": "/home/runner/work/qa_framework_2025/qa_framework_2025/tests/ui/test_login.py", "lineno": 84, "message": "AssertionError: Single item checkout should fail\nassert True == False\n +  where True = <bound method Locator.is_visible of <Locator frame=<Frame name= url='https://www.saucedemo.com/checkout-step-one.html'> selector='.checkout_info'>>()\n +    where <bound method Locator.is_visible of <Locator frame=<Frame name= url='https://www.saucedemo.com/checkout-step-one.html'> selector='.checkout_info'>> = <Locator frame=<Frame name= url='https://www.saucedemo.com/checkout-step-one.html'> selector='.checkout_info'>.is_visible\n +      where <Locator frame=<Frame name= url='https://www.saucedemo.com/checkout-step-one.html'> selector='.checkout_info'> = <bound method Page.locator of <Page url='https://www.saucedemo.com/checkout-step-one.html'>>('.checkout_info')\n +        where <bound method Page.locator of <Page url='https://www.saucedemo.com/checkout-step-one.html'>> = <Page url='https://www.saucedemo.com/checkout-step-one.html'>.locator"}, "traceback": [{"path": "tests/ui/test_login.py", "lineno": 84, "message": "in test_checkout_with_single_item_fails"}], "longrepr": "tests/ui/test_login.py:84: in test_checkout_with_single_item_fails\n    assert page.locator(\".checkout_info\").is_visible() == False, \"Single item checkout should fail\"\nE   AssertionError: Single item checkout should fail\nE   assert True == False\nE    +  where True = <bound method Locator.is_visible of <Locator frame=<Frame name= url='https://www.saucedemo.com/checkout-step-one.html'> selector='.checkout_info'>>()\nE    +    where <bound method Locator.is_visible of <Locator frame=<Frame name= url='https://www.saucedemo.com/checkout-step-one.html'> selector='.checkout_info'>> = <Locator frame=<Frame name= url='https://www.saucedemo.com/checkout-step-one.html'> selector='.checkout_info'>.is_visible\nE    +      where <Locator frame=<Frame name= url='https://www.saucedemo.com/checkout-step-one.html'> selector='.checkout_info'> = <bound method Page.locator of <Page url='https://www.saucedemo.com/checkout-step-one.html'>>('.checkout_info')\nE    +        where <bound method Page.locator of <Page url='https://www.saucedemo.com/checkout-step-one.html'>> = <Page url='https://www.saucedemo.com/checkout-step-one.html'>.locator"}, "teardown": {"duration": 0.00812670700003082, "outcome": "passed"}}, {"nodeid": "tests/ui/test_login.py::test_complete_shopping_workflow[chromium]", "lineno": 86, "outcome": "passed", "keywords": ["test_complete_shopping_workflow[chromium]", "slow", "e2e", "pytestmark", "chromium", "test_login.py", "ui", "tests", "qa_framework_2025", ""], "setup": {"duration": 0.031485761999988426, "outcome": "passed"}, "call": {"duration": 3.5712772159999986, "outcome": "passed"}, "teardown": {"duration": 0.007649956999955521, "outcome": "passed"}}, {"nodeid": "tests/ui/test_login.py::test_product_sorting_fails[chromium]", "lineno": 128, "outcome": "failed", "keywords": ["test_product_sorting_fails[chromium]", "e2e", "pytestmark", "chromium", "test_login.py", "ui", "tests", "qa_framework_2025", ""], "setup": {"duration": 0.03027507499996318, "outcome": "passed"}, "call": {"duration": 5.332685856000012, "outcome": "failed", "crash": {"path": "/home/runner/work/qa_framework_2025/qa_framework_2025/tests/ui/test_login.py", "lineno": 142, "message": "AssertionError: Locator expected to have text '$99.99'\nActual value: $7.99 \nCall log:\n  - Expect \"to_have_text\" with timeout 5000ms\n  - waiting for locator(\".inventory_item_price\").first\n    9 \u00d7 locator resolved to <div class=\"inventory_item_price\" data-test=\"inventory-item-price\">$7.99</div>\n      - unexpected value \"$7.99\""}, "traceback": [{"path": "tests/ui/test_login.py", "lineno": 142, "message": "in test_product_sorting_fails"}], "longrepr": "tests/ui/test_login.py:142: in test_product_sorting_fails\n    expect(first_item_price).to_have_text(\"$99.99\")  # Wrong price - will fail!\nE   AssertionError: Locator expected to have text '$99.99'\nE   Actual value: $7.99 \nE   Call log:\nE     - Expect \"to_have_text\" with timeout 5000ms\nE     - waiting for locator(\".inventory_item_price\").first\nE       9 \u00d7 locator resolved to <div class=\"inventory_item_price\" data-test=\"inventory-item-price\">$7.99</div>\nE         - unexpected value \"$7.99\""}, "teardown": {"duration": 0.04757597299999361, "outcome": "passed"}}]}